Determining if the pthread_create exist failed with the following output:
Change Dir: /home/george/ros_ws/build/CMakeFiles/CMakeTmp

Run Build Command:"/usr/bin/make" "cmTC_73f8c/fast"
/usr/bin/make -f CMakeFiles/cmTC_73f8c.dir/build.make CMakeFiles/cmTC_73f8c.dir/build
make[1]: Entering directory '/home/george/ros_ws/build/CMakeFiles/CMakeTmp'
Building C object CMakeFiles/cmTC_73f8c.dir/CheckSymbolExists.c.o
/usr/bin/cc     -o CMakeFiles/cmTC_73f8c.dir/CheckSymbolExists.c.o   -c /home/george/ros_ws/build/CMakeFiles/CMakeTmp/CheckSymbolExists.c
Linking C executable cmTC_73f8c
/usr/bin/cmake -E cmake_link_script CMakeFiles/cmTC_73f8c.dir/link.txt --verbose=1
/usr/bin/cc       CMakeFiles/cmTC_73f8c.dir/CheckSymbolExists.c.o  -o cmTC_73f8c -rdynamic 
CMakeFiles/cmTC_73f8c.dir/CheckSymbolExists.c.o: In function `main':
CheckSymbolExists.c:(.text+0x16): undefined reference to `pthread_create'
collect2: error: ld returned 1 exit status
CMakeFiles/cmTC_73f8c.dir/build.make:97: recipe for target 'cmTC_73f8c' failed
make[1]: *** [cmTC_73f8c] Error 1
make[1]: Leaving directory '/home/george/ros_ws/build/CMakeFiles/CMakeTmp'
Makefile:126: recipe for target 'cmTC_73f8c/fast' failed
make: *** [cmTC_73f8c/fast] Error 2

File /home/george/ros_ws/build/CMakeFiles/CMakeTmp/CheckSymbolExists.c:
/* */
#include <pthread.h>

int main(int argc, char** argv)
{
  (void)argv;
#ifndef pthread_create
  return ((int*)(&pthread_create))[argc];
#else
  (void)argc;
  return 0;
#endif
}

Determining if the function pthread_create exists in the pthreads failed with the following output:
Change Dir: /home/george/ros_ws/build/CMakeFiles/CMakeTmp

Run Build Command:"/usr/bin/make" "cmTC_cf4f6/fast"
/usr/bin/make -f CMakeFiles/cmTC_cf4f6.dir/build.make CMakeFiles/cmTC_cf4f6.dir/build
make[1]: Entering directory '/home/george/ros_ws/build/CMakeFiles/CMakeTmp'
Building C object CMakeFiles/cmTC_cf4f6.dir/CheckFunctionExists.c.o
/usr/bin/cc    -DCHECK_FUNCTION_EXISTS=pthread_create   -o CMakeFiles/cmTC_cf4f6.dir/CheckFunctionExists.c.o   -c /usr/share/cmake-3.5/Modules/CheckFunctionExists.c
Linking C executable cmTC_cf4f6
/usr/bin/cmake -E cmake_link_script CMakeFiles/cmTC_cf4f6.dir/link.txt --verbose=1
/usr/bin/cc   -DCHECK_FUNCTION_EXISTS=pthread_create    CMakeFiles/cmTC_cf4f6.dir/CheckFunctionExists.c.o  -o cmTC_cf4f6 -rdynamic -lpthreads 
/usr/bin/ld: cannot find -lpthreads
collect2: error: ld returned 1 exit status
CMakeFiles/cmTC_cf4f6.dir/build.make:97: recipe for target 'cmTC_cf4f6' failed
make[1]: *** [cmTC_cf4f6] Error 1
make[1]: Leaving directory '/home/george/ros_ws/build/CMakeFiles/CMakeTmp'
Makefile:126: recipe for target 'cmTC_cf4f6/fast' failed
make: *** [cmTC_cf4f6/fast] Error 2


Determining if the Q_WS_WIN exist failed with the following output:
Change Dir: /home/george/ros_ws/build/CMakeFiles/CMakeTmp

Run Build Command:"/usr/bin/make" "cmTC_4d075/fast"
/usr/bin/make -f CMakeFiles/cmTC_4d075.dir/build.make CMakeFiles/cmTC_4d075.dir/build
make[1]: Entering directory '/home/george/ros_ws/build/CMakeFiles/CMakeTmp'
Building CXX object CMakeFiles/cmTC_4d075.dir/CheckSymbolExists.cxx.o
/usr/bin/c++    -I/usr/include/qt4   -o CMakeFiles/cmTC_4d075.dir/CheckSymbolExists.cxx.o -c /home/george/ros_ws/build/CMakeFiles/CMakeTmp/CheckSymbolExists.cxx
/home/george/ros_ws/build/CMakeFiles/CMakeTmp/CheckSymbolExists.cxx: In function ‘int main(int, char**)’:
/home/george/ros_ws/build/CMakeFiles/CMakeTmp/CheckSymbolExists.cxx:8:19: error: ‘Q_WS_WIN’ was not declared in this scope
   return ((int*)(&Q_WS_WIN))[argc];
                   ^
CMakeFiles/cmTC_4d075.dir/build.make:65: recipe for target 'CMakeFiles/cmTC_4d075.dir/CheckSymbolExists.cxx.o' failed
make[1]: *** [CMakeFiles/cmTC_4d075.dir/CheckSymbolExists.cxx.o] Error 1
make[1]: Leaving directory '/home/george/ros_ws/build/CMakeFiles/CMakeTmp'
Makefile:126: recipe for target 'cmTC_4d075/fast' failed
make: *** [cmTC_4d075/fast] Error 2

File /home/george/ros_ws/build/CMakeFiles/CMakeTmp/CheckSymbolExists.cxx:
/* */
#include <QtCore/qglobal.h>

int main(int argc, char** argv)
{
  (void)argv;
#ifndef Q_WS_WIN
  return ((int*)(&Q_WS_WIN))[argc];
#else
  (void)argc;
  return 0;
#endif
}

Determining if the Q_WS_QWS exist failed with the following output:
Change Dir: /home/george/ros_ws/build/CMakeFiles/CMakeTmp

Run Build Command:"/usr/bin/make" "cmTC_9f4a3/fast"
/usr/bin/make -f CMakeFiles/cmTC_9f4a3.dir/build.make CMakeFiles/cmTC_9f4a3.dir/build
make[1]: Entering directory '/home/george/ros_ws/build/CMakeFiles/CMakeTmp'
Building CXX object CMakeFiles/cmTC_9f4a3.dir/CheckSymbolExists.cxx.o
/usr/bin/c++    -I/usr/include/qt4   -o CMakeFiles/cmTC_9f4a3.dir/CheckSymbolExists.cxx.o -c /home/george/ros_ws/build/CMakeFiles/CMakeTmp/CheckSymbolExists.cxx
/home/george/ros_ws/build/CMakeFiles/CMakeTmp/CheckSymbolExists.cxx: In function ‘int main(int, char**)’:
/home/george/ros_ws/build/CMakeFiles/CMakeTmp/CheckSymbolExists.cxx:8:19: error: ‘Q_WS_QWS’ was not declared in this scope
   return ((int*)(&Q_WS_QWS))[argc];
                   ^
CMakeFiles/cmTC_9f4a3.dir/build.make:65: recipe for target 'CMakeFiles/cmTC_9f4a3.dir/CheckSymbolExists.cxx.o' failed
make[1]: *** [CMakeFiles/cmTC_9f4a3.dir/CheckSymbolExists.cxx.o] Error 1
make[1]: Leaving directory '/home/george/ros_ws/build/CMakeFiles/CMakeTmp'
Makefile:126: recipe for target 'cmTC_9f4a3/fast' failed
make: *** [cmTC_9f4a3/fast] Error 2

File /home/george/ros_ws/build/CMakeFiles/CMakeTmp/CheckSymbolExists.cxx:
/* */
#include <QtCore/qglobal.h>

int main(int argc, char** argv)
{
  (void)argv;
#ifndef Q_WS_QWS
  return ((int*)(&Q_WS_QWS))[argc];
#else
  (void)argc;
  return 0;
#endif
}

Determining if the Q_WS_MAC exist failed with the following output:
Change Dir: /home/george/ros_ws/build/CMakeFiles/CMakeTmp

Run Build Command:"/usr/bin/make" "cmTC_ec113/fast"
/usr/bin/make -f CMakeFiles/cmTC_ec113.dir/build.make CMakeFiles/cmTC_ec113.dir/build
make[1]: Entering directory '/home/george/ros_ws/build/CMakeFiles/CMakeTmp'
Building CXX object CMakeFiles/cmTC_ec113.dir/CheckSymbolExists.cxx.o
/usr/bin/c++    -I/usr/include/qt4   -o CMakeFiles/cmTC_ec113.dir/CheckSymbolExists.cxx.o -c /home/george/ros_ws/build/CMakeFiles/CMakeTmp/CheckSymbolExists.cxx
/home/george/ros_ws/build/CMakeFiles/CMakeTmp/CheckSymbolExists.cxx: In function ‘int main(int, char**)’:
/home/george/ros_ws/build/CMakeFiles/CMakeTmp/CheckSymbolExists.cxx:8:19: error: ‘Q_WS_MAC’ was not declared in this scope
   return ((int*)(&Q_WS_MAC))[argc];
                   ^
CMakeFiles/cmTC_ec113.dir/build.make:65: recipe for target 'CMakeFiles/cmTC_ec113.dir/CheckSymbolExists.cxx.o' failed
make[1]: *** [CMakeFiles/cmTC_ec113.dir/CheckSymbolExists.cxx.o] Error 1
make[1]: Leaving directory '/home/george/ros_ws/build/CMakeFiles/CMakeTmp'
Makefile:126: recipe for target 'cmTC_ec113/fast' failed
make: *** [cmTC_ec113/fast] Error 2

File /home/george/ros_ws/build/CMakeFiles/CMakeTmp/CheckSymbolExists.cxx:
/* */
#include <QtCore/qglobal.h>

int main(int argc, char** argv)
{
  (void)argv;
#ifndef Q_WS_MAC
  return ((int*)(&Q_WS_MAC))[argc];
#else
  (void)argc;
  return 0;
#endif
}

